<?xml version="1.0" encoding="UTF-8"?>
<!-- Generated by org.testng.reporters.JUnitXMLReporter -->
<testsuite hostname="vofking-Aspire-R7-372T" ignored="0" name="Prime Number Checker with Allure Report" tests="10" failures="0" timestamp="2020-05-18T03:53:27 PDT" time="0.367" errors="0">
  <testcase name="test" time="0.078" classname="core.PrimeNumberCheckerTest"/>
  <testcase name="test" time="0.005" classname="core.PrimeNumberCheckerTest"/>
  <testcase name="test" time="0.004" classname="core.PrimeNumberCheckerTest"/>
  <testcase name="test" time="0.004" classname="core.PrimeNumberCheckerTest"/>
  <testcase name="test" time="0.003" classname="core.PrimeNumberCheckerTest"/>
  <testcase name="test" time="0.002" classname="core.PrimeNumberCheckerTest"/>
  <testcase name="test" time="0.002" classname="core.PrimeNumberCheckerTest"/>
  <testcase name="test" time="0.003" classname="core.PrimeNumberCheckerTest"/>
  <testcase name="test" time="0.002" classname="core.PrimeNumberCheckerTest"/>
  <testcase name="test" time="0.002" classname="core.PrimeNumberCheckerTest"/>
</testsuite> <!-- Prime Number Checker with Allure Report -->
