<?xml version="1.0" encoding="UTF-8"?>
<testsuite xmlns:xsi="http://www.w3.org/2001/XMLSchema-instance" xsi:noNamespaceSchemaLocation="https://maven.apache.org/surefire/maven-surefire-plugin/xsd/surefire-test-report.xsd" name="TestSuite" time="1.59" tests="10" errors="0" skipped="0" failures="0">
  <properties>
[...]
</properties>
  <testcase name="test" classname="core.PrimeNumberCheckerTest" time="0.188"/>
  <testcase name="test" classname="core.PrimeNumberCheckerTest" time="0"/>
  <testcase name="test" classname="core.PrimeNumberCheckerTest" time="0.004"/>
  <testcase name="test" classname="core.PrimeNumberCheckerTest" time="0.004"/>
  <testcase name="test" classname="core.PrimeNumberCheckerTest" time="0.002"/>
  <testcase name="test" classname="core.PrimeNumberCheckerTest" time="0.004"/>
  <testcase name="test" classname="core.PrimeNumberCheckerTest" time="0.002"/>
  <testcase name="test" classname="core.PrimeNumberCheckerTest" time="0.001"/>
  <testcase name="test" classname="core.PrimeNumberCheckerTest" time="0.001"/>
  <testcase name="test" classname="core.PrimeNumberCheckerTest" time="0.001"/>
</testsuite>